[debug] [2020-02-07T11:19:44.307Z] ----------------------------------------------------------------------
[debug] [2020-02-07T11:19:44.312Z] Command:       C:\Program Files\nodejs\node.exe C:\Users\janikp\AppData\Roaming\npm\node_modules\firebase-tools\lib\bin\firebase.js deploy
[debug] [2020-02-07T11:19:44.312Z] CLI Version:   7.12.1
[debug] [2020-02-07T11:19:44.312Z] Platform:      win32
[debug] [2020-02-07T11:19:44.312Z] Node Version:  v12.14.1
[debug] [2020-02-07T11:19:44.314Z] Time:          Fri Feb 07 2020 12:19:44 GMT+0100 (GMT+01:00)
[debug] [2020-02-07T11:19:44.315Z] ----------------------------------------------------------------------
[debug] [2020-02-07T11:19:44.315Z] 
[debug] [2020-02-07T11:19:44.331Z] > command requires scopes: ["email","openid","https://www.googleapis.com/auth/cloudplatformprojects.readonly","https://www.googleapis.com/auth/firebase","https://www.googleapis.com/auth/cloud-platform"]
[debug] [2020-02-07T11:19:44.332Z] > authorizing via signed-in user
[debug] [2020-02-07T11:19:44.332Z] [iam] checking project narodec-6efb9 for permissions ["cloudfunctions.functions.create","cloudfunctions.functions.delete","cloudfunctions.functions.get","cloudfunctions.functions.list","cloudfunctions.functions.update","cloudfunctions.operations.get","firebase.projects.get","firebasedatabase.instances.update","firebasehosting.sites.update"]
[debug] [2020-02-07T11:19:44.335Z] > refreshing access token with scopes: ["email","https://www.googleapis.com/auth/cloud-platform","https://www.googleapis.com/auth/cloudplatformprojects.readonly","https://www.googleapis.com/auth/firebase","openid"]
[debug] [2020-02-07T11:19:44.335Z] >>> HTTP REQUEST POST https://www.googleapis.com/oauth2/v3/token  
 <request body omitted>
[debug] [2020-02-07T11:19:44.554Z] <<< HTTP RESPONSE 200
[debug] [2020-02-07T11:19:44.565Z] >>> HTTP REQUEST POST https://cloudresourcemanager.googleapis.com/v1/projects/narodec-6efb9:testIamPermissions  

[debug] [2020-02-07T11:19:45.403Z] <<< HTTP RESPONSE 200
[debug] [2020-02-07T11:19:45.406Z] >>> HTTP REQUEST GET https://firebase.googleapis.com/v1beta1/projects/narodec-6efb9  
 
[debug] [2020-02-07T11:19:45.619Z] <<< HTTP RESPONSE 200
[info] 
[info] === Deploying to 'narodec-6efb9'...
[info] 
[info] i  deploying database, functions, hosting
[info] Running command: npm --prefix "$RESOURCE_DIR" run lint
